{
  "RSpec": {
    "coverage": {
      "/home/aurora/CSCE606/ZapMail/app/helpers/application_helper.rb": {
        "lines": [
          1,
          null
        ]
      },
      "/home/aurora/CSCE606/ZapMail/app/controllers/automations_controller.rb": {
        "lines": [
          1,
          1,
          null,
          1,
          8,
          null,
          null,
          null,
          null,
          8,
          3,
          null,
          null,
          null,
          1,
          5,
          null,
          2,
          2,
          null,
          null
        ]
      },
      "/home/aurora/CSCE606/ZapMail/app/controllers/application_controller.rb": {
        "lines": [
          null,
          1,
          null,
          1,
          null,
          1,
          null,
          1,
          null,
          null,
          null,
          1,
          null,
          0,
          0,
          null,
          null,
          1,
          null,
          2,
          2,
          0,
          null,
          2,
          null,
          null,
          2,
          null,
          0,
          null,
          0,
          null,
          null,
          null,
          null,
          null,
          null,
          1,
          2,
          0,
          0,
          null,
          null,
          null,
          1,
          2,
          null,
          null,
          1,
          16,
          3,
          3,
          null,
          null,
          null
        ]
      },
      "/home/aurora/CSCE606/ZapMail/app/models/automation.rb": {
        "lines": [
          1,
          1,
          1,
          null,
          1,
          1,
          1,
          null,
          3,
          2,
          null,
          null,
          2,
          2,
          10,
          2,
          null,
          null,
          1,
          5,
          null,
          null,
          null,
          1,
          2,
          null,
          null
        ]
      },
      "/home/aurora/CSCE606/ZapMail/app/models/application_record.rb": {
        "lines": [
          1,
          1,
          null
        ]
      },
      "/home/aurora/CSCE606/ZapMail/app/models/user.rb": {
        "lines": [
          1,
          null,
          null,
          1,
          null,
          1,
          1,
          null,
          null,
          1,
          1,
          null,
          null,
          41,
          1,
          1,
          null,
          null,
          null,
          1,
          null,
          1,
          null,
          null,
          1,
          37,
          null
        ]
      },
      "/home/aurora/CSCE606/ZapMail/app/models/template.rb": {
        "lines": [
          1,
          null,
          1,
          1,
          null,
          null,
          1,
          1,
          null,
          null,
          null,
          null,
          1,
          null
        ]
      },
      "/home/aurora/CSCE606/ZapMail/app/controllers/sessions_controller.rb": {
        "lines": [
          null,
          0,
          null,
          0,
          0,
          null,
          null,
          0,
          0,
          0,
          null,
          0,
          0,
          0,
          0,
          0,
          null,
          0,
          0,
          0,
          0,
          null,
          null,
          0,
          0,
          0,
          0,
          0,
          0
        ],
        "branches": {}
      },
      "/home/aurora/CSCE606/ZapMail/app/controllers/templates_controller.rb": {
        "lines": [
          0,
          0,
          0,
          null,
          0,
          0,
          null,
          0,
          null,
          0,
          0,
          0,
          0,
          null,
          0,
          0,
          0,
          0,
          0,
          0,
          0,
          0,
          0,
          0,
          0,
          0,
          0,
          0,
          0,
          0,
          0,
          null,
          0,
          0,
          0,
          0,
          0,
          0,
          0,
          0,
          0,
          0,
          0,
          0,
          0,
          0,
          0,
          0,
          0,
          0,
          0,
          0,
          0,
          0,
          0,
          0,
          0,
          0,
          0,
          0,
          null,
          0,
          0,
          0,
          null,
          0,
          0,
          0,
          null,
          0,
          0,
          0,
          0,
          0,
          0,
          0,
          0,
          null,
          0,
          null,
          0,
          0,
          0,
          0,
          0,
          0,
          0,
          null,
          0,
          0,
          0,
          0,
          null,
          0,
          0,
          0,
          0,
          0,
          0,
          0,
          0,
          0,
          0,
          0,
          0,
          0,
          0,
          0,
          0,
          0,
          0,
          0,
          null,
          0,
          0,
          0,
          0,
          0,
          0,
          0,
          0,
          0,
          0,
          0,
          0,
          0,
          null,
          0,
          0,
          0,
          0,
          0,
          null,
          0,
          0,
          null,
          0,
          0,
          0,
          0,
          null,
          0,
          0,
          0,
          0,
          0,
          0,
          0,
          0,
          0,
          0,
          0,
          0,
          0,
          0,
          0,
          0,
          0,
          null,
          0,
          0,
          0,
          0,
          0,
          null,
          0,
          null,
          0,
          0,
          0,
          null,
          0,
          0,
          0,
          null,
          0,
          0,
          0,
          0,
          0,
          0,
          0,
          0,
          0,
          0,
          0,
          0,
          null,
          0,
          0,
          0,
          0,
          0,
          null,
          0,
          0,
          0,
          0,
          0,
          0,
          0
        ],
        "branches": {}
      },
      "/home/aurora/CSCE606/ZapMail/app/controllers/users_controller.rb": {
        "lines": [
          null,
          0,
          0,
          0,
          null,
          null,
          0,
          0,
          0,
          null,
          null,
          0,
          0,
          0,
          null,
          0,
          0,
          0,
          0,
          0,
          0,
          0,
          0,
          null,
          null,
          0,
          null,
          0,
          null,
          null,
          0,
          null,
          0,
          null,
          null,
          0,
          0,
          0,
          0,
          0,
          0,
          0,
          0,
          null,
          0,
          null,
          0,
          0,
          0,
          null,
          0,
          0,
          0,
          0,
          0,
          0,
          0,
          0,
          0,
          0,
          0,
          0,
          0,
          null
        ],
        "branches": {}
      },
      "/home/aurora/CSCE606/ZapMail/app/jobs/application_job.rb": {
        "lines": [
          0,
          null,
          null,
          null,
          null,
          null,
          0
        ],
        "branches": {}
      },
      "/home/aurora/CSCE606/ZapMail/app/mailers/application_mailer.rb": {
        "lines": [
          0,
          0,
          0,
          0
        ],
        "branches": {}
      }
    },
    "timestamp": 1759529100
  }
}
